<?xml version="1.0" encoding="UTF-8"?>
<testng-results skipped="0" failed="0" ignored="0" total="2" passed="2">
  <reporter-output>
  </reporter-output>
  <suite name="Suite" duration-ms="116415" started-at="2020-09-12T16:00:56Z" finished-at="2020-09-12T16:02:53Z">
    <groups>
    </groups>
    <test name="Test" duration-ms="116415" started-at="2020-09-12T16:00:56Z" finished-at="2020-09-12T16:02:53Z">
      <class name="com.Jenkins__Git.Demo">
        <test-method status="PASS" signature="imagetest0()[pri:0, instance:com.Jenkins__Git.Demo@531be3c5]" name="imagetest0" duration-ms="41906" started-at="2020-09-12T16:00:56Z" finished-at="2020-09-12T16:01:38Z">
          <reporter-output>
          </reporter-output>
        </test-method> <!-- imagetest0 -->
        <test-method status="PASS" signature="logintest()[pri:0, instance:com.Jenkins__Git.Demo@531be3c5]" name="logintest" duration-ms="74470" started-at="2020-09-12T16:01:38Z" finished-at="2020-09-12T16:02:53Z">
          <reporter-output>
          </reporter-output>
        </test-method> <!-- logintest -->
      </class> <!-- com.Jenkins__Git.Demo -->
    </test> <!-- Test -->
  </suite> <!-- Suite -->
</testng-results>
